25-Apr-2018 20:38:57.299 INFO [http-nio-80-exec-5] org.apache.catalina.core.ApplicationContext.log Manager: init: Associated with Deployer 'Catalina:type=Deployer,host=localhost'
25-Apr-2018 20:38:57.300 INFO [http-nio-80-exec-5] org.apache.catalina.core.ApplicationContext.log Manager: init: Global resources are available
25-Apr-2018 20:38:58.262 INFO [http-nio-80-exec-8] org.apache.catalina.core.ApplicationContext.log Manager: list: Listing contexts for virtual host 'localhost'
25-Apr-2018 20:38:58.266 INFO [http-nio-80-exec-9] org.apache.catalina.core.ApplicationContext.log Manager: list: Listing contexts for virtual host 'localhost'
25-Apr-2018 20:38:58.311 INFO [http-nio-80-exec-10] org.apache.catalina.core.ApplicationContext.log Manager: install: Installing context configuration at 'file:/C:/Users/Rio.Rai/AppData/Local/Temp/context3214640237412105703.xml'
25-Apr-2018 20:38:58.403 INFO [http-nio-80-exec-2] org.apache.catalina.core.ApplicationContext.log Manager: start: Starting web application '/hello'
25-Apr-2018 20:39:16.199 INFO [http-nio-80-exec-8] org.apache.catalina.core.ApplicationContext.log Manager: list: Listing contexts for virtual host 'localhost'
25-Apr-2018 20:40:16.121 INFO [http-nio-80-exec-4] org.apache.catalina.core.ApplicationContext.log Manager: list: Listing contexts for virtual host 'localhost'
25-Apr-2018 20:40:25.109 INFO [http-nio-80-exec-10] org.apache.catalina.core.ApplicationContext.log Manager: list: Listing contexts for virtual host 'localhost'
25-Apr-2018 20:40:25.112 INFO [http-nio-80-exec-1] org.apache.catalina.core.ApplicationContext.log Manager: list: Listing contexts for virtual host 'localhost'
25-Apr-2018 20:42:12.156 INFO [http-nio-80-exec-7] org.apache.catalina.core.ApplicationContext.log Manager: list: Listing contexts for virtual host 'localhost'
25-Apr-2018 20:42:12.190 INFO [http-nio-80-exec-9] org.apache.catalina.core.ApplicationContext.log Manager: stop: Stopping web application '/hello'
25-Apr-2018 20:42:12.961 INFO [http-nio-80-exec-3] org.apache.catalina.core.ApplicationContext.log Manager: start: Starting web application '/hello'
25-Apr-2018 20:42:13.135 INFO [http-nio-80-exec-2] org.apache.catalina.core.ApplicationContext.log Manager: list: Listing contexts for virtual host 'localhost'
25-Apr-2018 20:42:13.145 INFO [http-nio-80-exec-7] org.apache.catalina.core.ApplicationContext.log Manager: stop: Stopping web application '/hello'
25-Apr-2018 20:42:13.174 INFO [http-nio-80-exec-3] org.apache.catalina.core.ApplicationContext.log Manager: start: Starting web application '/hello'
25-Apr-2018 20:42:14.990 INFO [http-nio-80-exec-6] org.apache.catalina.core.ApplicationContext.log Manager: list: Listing contexts for virtual host 'localhost'
25-Apr-2018 20:42:14.999 INFO [http-nio-80-exec-1] org.apache.catalina.core.ApplicationContext.log Manager: restart: Reloading web application '/hello'
25-Apr-2018 20:42:19.737 INFO [http-nio-80-exec-7] org.apache.catalina.core.ApplicationContext.log Manager: list: Listing contexts for virtual host 'localhost'
25-Apr-2018 20:42:19.746 INFO [http-nio-80-exec-10] org.apache.catalina.core.ApplicationContext.log Manager: restart: Reloading web application '/hello'
25-Apr-2018 20:50:42.287 INFO [http-nio-80-exec-15] org.apache.catalina.core.ApplicationContext.log Manager: list: Listing contexts for virtual host 'localhost'
25-Apr-2018 20:50:42.348 INFO [http-nio-80-exec-17] org.apache.catalina.core.ApplicationContext.log Manager: restart: Reloading web application '/hello'
25-Apr-2018 20:50:50.331 INFO [http-nio-80-exec-23] org.apache.catalina.core.ApplicationContext.log Manager: list: Listing contexts for virtual host 'localhost'
25-Apr-2018 20:50:50.341 INFO [http-nio-80-exec-15] org.apache.catalina.core.ApplicationContext.log Manager: restart: Reloading web application '/hello'
25-Apr-2018 20:58:27.341 INFO [http-nio-80-exec-24] org.apache.catalina.core.ApplicationContext.log Manager: list: Listing contexts for virtual host 'localhost'
25-Apr-2018 20:58:27.556 INFO [http-nio-80-exec-26] org.apache.catalina.core.ApplicationContext.log Manager: restart: Reloading web application '/hello'
25-Apr-2018 20:58:27.979 INFO [http-nio-80-exec-25] org.apache.catalina.core.ApplicationContext.log Manager: list: Listing contexts for virtual host 'localhost'
25-Apr-2018 20:58:27.997 INFO [http-nio-80-exec-28] org.apache.catalina.core.ApplicationContext.log Manager: restart: Reloading web application '/hello'
25-Apr-2018 21:01:45.007 INFO [http-nio-80-exec-34] org.apache.catalina.core.ApplicationContext.log Manager: list: Listing contexts for virtual host 'localhost'
25-Apr-2018 21:01:45.017 INFO [http-nio-80-exec-35] org.apache.catalina.core.ApplicationContext.log Manager: restart: Reloading web application '/hello'
25-Apr-2018 21:02:23.523 INFO [http-nio-80-exec-39] org.apache.catalina.core.ApplicationContext.log Manager: list: Listing contexts for virtual host 'localhost'
25-Apr-2018 21:02:23.534 INFO [http-nio-80-exec-37] org.apache.catalina.core.ApplicationContext.log Manager: restart: Reloading web application '/hello'
25-Apr-2018 21:02:23.957 INFO [http-nio-80-exec-37] org.apache.catalina.core.ApplicationContext.log Manager: list: Listing contexts for virtual host 'localhost'
25-Apr-2018 21:02:23.967 INFO [http-nio-80-exec-35] org.apache.catalina.core.ApplicationContext.log Manager: restart: Reloading web application '/hello'
25-Apr-2018 21:11:18.231 INFO [http-nio-80-exec-47] org.apache.catalina.core.ApplicationContext.log Manager: list: Listing contexts for virtual host 'localhost'
25-Apr-2018 21:11:18.641 INFO [http-nio-80-exec-40] org.apache.catalina.core.ApplicationContext.log Manager: restart: Reloading web application '/hello'
25-Apr-2018 21:11:21.815 INFO [http-nio-80-exec-48] org.apache.catalina.core.ApplicationContext.log Manager: list: Listing contexts for virtual host 'localhost'
25-Apr-2018 21:11:21.827 INFO [http-nio-80-exec-42] org.apache.catalina.core.ApplicationContext.log Manager: restart: Reloading web application '/hello'
25-Apr-2018 21:19:45.312 INFO [http-nio-80-exec-50] org.apache.catalina.core.ApplicationContext.log Manager: list: Listing contexts for virtual host 'localhost'
25-Apr-2018 21:19:45.321 INFO [http-nio-80-exec-51] org.apache.catalina.core.ApplicationContext.log Manager: restart: Reloading web application '/hello'
25-Apr-2018 21:25:20.846 INFO [http-nio-80-exec-60] org.apache.catalina.core.ApplicationContext.log Manager: list: Listing contexts for virtual host 'localhost'
25-Apr-2018 21:25:20.856 INFO [http-nio-80-exec-61] org.apache.catalina.core.ApplicationContext.log Manager: restart: Reloading web application '/hello'
25-Apr-2018 21:25:26.661 INFO [http-nio-80-exec-60] org.apache.catalina.core.ApplicationContext.log Manager: list: Listing contexts for virtual host 'localhost'
25-Apr-2018 21:25:26.671 INFO [http-nio-80-exec-63] org.apache.catalina.core.ApplicationContext.log Manager: restart: Reloading web application '/hello'
25-Apr-2018 21:26:51.551 INFO [http-nio-80-exec-56] org.apache.catalina.core.ApplicationContext.log Manager: list: Listing contexts for virtual host 'localhost'
25-Apr-2018 21:26:51.561 INFO [http-nio-80-exec-64] org.apache.catalina.core.ApplicationContext.log Manager: restart: Reloading web application '/hello'
25-Apr-2018 21:27:20.886 INFO [http-nio-80-exec-74] org.apache.catalina.core.ApplicationContext.log Manager: list: Listing contexts for virtual host 'localhost'
25-Apr-2018 21:27:20.896 INFO [http-nio-80-exec-75] org.apache.catalina.core.ApplicationContext.log Manager: restart: Reloading web application '/hello'
25-Apr-2018 21:28:00.332 INFO [http-nio-80-exec-71] org.apache.catalina.core.ApplicationContext.log Manager: list: Listing contexts for virtual host 'localhost'
25-Apr-2018 21:28:00.341 INFO [http-nio-80-exec-77] org.apache.catalina.core.ApplicationContext.log Manager: restart: Reloading web application '/hello'
25-Apr-2018 21:29:59.556 INFO [http-nio-80-exec-74] org.apache.catalina.core.ApplicationContext.log Manager: list: Listing contexts for virtual host 'localhost'
25-Apr-2018 21:29:59.565 INFO [http-nio-80-exec-79] org.apache.catalina.core.ApplicationContext.log Manager: restart: Reloading web application '/hello'
25-Apr-2018 21:31:13.625 INFO [http-nio-80-exec-83] org.apache.catalina.core.ApplicationContext.log Manager: list: Listing contexts for virtual host 'localhost'
25-Apr-2018 21:31:13.642 INFO [http-nio-80-exec-71] org.apache.catalina.core.ApplicationContext.log Manager: restart: Reloading web application '/hello'
25-Apr-2018 21:31:14.594 INFO [http-nio-80-exec-84] org.apache.catalina.core.ApplicationContext.log Manager: list: Listing contexts for virtual host 'localhost'
25-Apr-2018 21:31:14.603 INFO [http-nio-80-exec-70] org.apache.catalina.core.ApplicationContext.log Manager: restart: Reloading web application '/hello'
25-Apr-2018 21:35:56.116 INFO [http-nio-80-exec-88] org.apache.catalina.core.ApplicationContext.log Manager: list: Listing contexts for virtual host 'localhost'
25-Apr-2018 21:35:56.151 INFO [http-nio-80-exec-89] org.apache.catalina.core.ApplicationContext.log Manager: restart: Reloading web application '/hello'
25-Apr-2018 21:43:48.169 INFO [http-nio-80-exec-95] org.apache.catalina.core.ApplicationContext.log Manager: list: Listing contexts for virtual host 'localhost'
25-Apr-2018 21:43:48.177 INFO [http-nio-80-exec-97] org.apache.catalina.core.ApplicationContext.log Manager: restart: Reloading web application '/hello'
25-Apr-2018 21:44:10.428 INFO [http-nio-80-exec-100] org.apache.catalina.core.ApplicationContext.log Manager: list: Listing contexts for virtual host 'localhost'
25-Apr-2018 21:44:10.440 INFO [http-nio-80-exec-105] org.apache.catalina.core.ApplicationContext.log Manager: restart: Reloading web application '/hello'
25-Apr-2018 21:45:09.623 INFO [http-nio-80-exec-96] org.apache.catalina.core.ApplicationContext.log Manager: list: Listing contexts for virtual host 'localhost'
25-Apr-2018 21:45:09.655 INFO [http-nio-80-exec-106] org.apache.catalina.core.ApplicationContext.log Manager: restart: Reloading web application '/hello'
25-Apr-2018 21:45:11.996 INFO [http-nio-80-exec-96] org.apache.catalina.core.ApplicationContext.log Manager: list: Listing contexts for virtual host 'localhost'
25-Apr-2018 21:45:12.007 INFO [http-nio-80-exec-98] org.apache.catalina.core.ApplicationContext.log Manager: restart: Reloading web application '/hello'
